<?xml version="1.0" encoding="UTF-8"?>
<testng-results ignored="0" total="3" passed="3" failed="0" skipped="0">
  <reporter-output>
  </reporter-output>
  <suite started-at="2022-10-02T21:49:56 IST" name="Suite" finished-at="2022-10-02T21:52:43 IST" duration-ms="167252">
    <groups>
    </groups>
    <test started-at="2022-10-02T21:49:56 IST" name="Test" finished-at="2022-10-02T21:52:43 IST" duration-ms="167252">
      <class name="com.automate.webapp.AutomateWebapplication">
        <test-method is-config="true" signature="start()[pri:0, instance:com.automate.webapp.AutomateWebapplication@306e95ec]" started-at="2022-10-02T21:49:56 IST" name="start" finished-at="2022-10-02T21:50:21 IST" duration-ms="24679" status="PASS">
          <reporter-output>
          </reporter-output>
        </test-method> <!-- start -->
        <test-method signature="signupform()[pri:1, instance:com.automate.webapp.AutomateWebapplication@306e95ec]" started-at="2022-10-02T21:50:21 IST" name="signupform" finished-at="2022-10-02T21:51:19 IST" duration-ms="57630" status="PASS">
          <reporter-output>
          </reporter-output>
        </test-method> <!-- signupform -->
        <test-method signature="Login()[pri:2, instance:com.automate.webapp.AutomateWebapplication@306e95ec]" started-at="2022-10-02T21:51:19 IST" name="Login" finished-at="2022-10-02T21:51:47 IST" duration-ms="28241" status="PASS">
          <reporter-output>
          </reporter-output>
        </test-method> <!-- Login -->
        <test-method signature="addToCart()[pri:3, instance:com.automate.webapp.AutomateWebapplication@306e95ec]" started-at="2022-10-02T21:51:47 IST" name="addToCart" finished-at="2022-10-02T21:52:43 IST" duration-ms="56523" status="PASS">
          <reporter-output>
          </reporter-output>
        </test-method> <!-- addToCart -->
      </class> <!-- com.automate.webapp.AutomateWebapplication -->
    </test> <!-- Test -->
  </suite> <!-- Suite -->
</testng-results>
