<?xml version="1.0" encoding="UTF-8"?>
<!-- Generated by org.testng.reporters.JUnitXMLReporter -->
<testsuite ignored="0" hostname="DESKTOP-GFL6RHU" failures="0" tests="3" name="Test" time="167.252" errors="0" timestamp="2022-10-02T21:52:44 IST">
  <testcase classname="com.automate.webapp.AutomateWebapplication" name="signupform" time="57.63"/>
  <testcase classname="com.automate.webapp.AutomateWebapplication" name="Login" time="28.241"/>
  <testcase classname="com.automate.webapp.AutomateWebapplication" name="addToCart" time="56.523"/>
</testsuite> <!-- Test -->
