<?xml version="1.0" encoding="UTF-8"?>
<!-- Generated by org.testng.reporters.JUnitXMLReporter -->
<testsuite ignored="0" hostname="DESKTOP-GFL6RHU" failures="0" tests="3" name="Default test" time="131.653" errors="0" timestamp="2022-10-02T21:42:12 IST">
  <testcase classname="com.automate.webapp.AutomateWebapplication" name="signupform" time="52.812"/>
  <testcase classname="com.automate.webapp.AutomateWebapplication" name="Login" time="26.745"/>
  <testcase classname="com.automate.webapp.AutomateWebapplication" name="addToCart" time="41.495"/>
</testsuite> <!-- Default test -->
